{"E:\\test_221006\\test_221006\\test1.js": {"path":"E:\\test_221006\\test_221006\\test1.js","statementMap":{"0":{"start":{"line":2,"column":4},"end":{"line":2,"column":17}},"1":{"start":{"line":4,"column":0},"end":{"line":4,"column":21}}},"fnMap":{"0":{"name":"sum","decl":{"start":{"line":1,"column":9},"end":{"line":1,"column":12}},"loc":{"start":{"line":1,"column":19},"end":{"line":3,"column":3}},"line":1}},"branchMap":{},"s":{"0":1,"1":1},"f":{"0":1},"b":{},"_coverageSchema":"1a1c01bbd47fc00a2c39e90264f33305004495a9","hash":"feb6abcc0311fd3b21d6eb522e9f7835435ab033"}
,"E:\\test_221006\\test_221006\\validation.js": {"path":"E:\\test_221006\\test_221006\\validation.js","statementMap":{"0":{"start":{"line":1,"column":0},"end":{"line":15,"column":2}},"1":{"start":{"line":3,"column":23},"end":{"line":3,"column":34}},"2":{"start":{"line":5,"column":8},"end":{"line":11,"column":9}},"3":{"start":{"line":6,"column":12},"end":{"line":6,"column":25}},"4":{"start":{"line":7,"column":15},"end":{"line":11,"column":9}},"5":{"start":{"line":8,"column":12},"end":{"line":8,"column":25}},"6":{"start":{"line":9,"column":15},"end":{"line":11,"column":9}},"7":{"start":{"line":10,"column":12},"end":{"line":10,"column":25}},"8":{"start":{"line":13,"column":8},"end":{"line":13,"column":20}}},"fnMap":{"0":{"name":"(anonymous_0)","decl":{"start":{"line":2,"column":13},"end":{"line":2,"column":14}},"loc":{"start":{"line":2,"column":24},"end":{"line":14,"column":5}},"line":2}},"branchMap":{"0":{"loc":{"start":{"line":3,"column":23},"end":{"line":3,"column":34}},"type":"binary-expr","locations":[{"start":{"line":3,"column":23},"end":{"line":3,"column":28}},{"start":{"line":3,"column":32},"end":{"line":3,"column":34}}],"line":3},"1":{"loc":{"start":{"line":5,"column":8},"end":{"line":11,"column":9}},"type":"if","locations":[{"start":{"line":5,"column":8},"end":{"line":11,"column":9}},{"start":{"line":7,"column":15},"end":{"line":11,"column":9}}],"line":5},"2":{"loc":{"start":{"line":7,"column":15},"end":{"line":11,"column":9}},"type":"if","locations":[{"start":{"line":7,"column":15},"end":{"line":11,"column":9}},{"start":{"line":9,"column":15},"end":{"line":11,"column":9}}],"line":7},"3":{"loc":{"start":{"line":9,"column":15},"end":{"line":11,"column":9}},"type":"if","locations":[{"start":{"line":9,"column":15},"end":{"line":11,"column":9}},{"start":{},"end":{}}],"line":9}},"s":{"0":1,"1":7,"2":7,"3":2,"4":5,"5":1,"6":4,"7":1,"8":3},"f":{"0":7},"b":{"0":[7,0],"1":[2,5],"2":[1,4],"3":[1,3]},"_coverageSchema":"1a1c01bbd47fc00a2c39e90264f33305004495a9","hash":"596b61b49bc37fccca2d7490912b83c6813e6a96"}
}
